<?xml version="1.0" encoding="UTF-8"?>
<testng-results ignored="0" total="1" passed="1" failed="0" skipped="0">
  <reporter-output>
  </reporter-output>
  <suite started-at="2019-08-03T16:09:31Z" name="Default suite" finished-at="2019-08-03T16:09:33Z" duration-ms="1380">
    <groups>
    </groups>
    <test started-at="2019-08-03T16:09:31Z" name="Default test" finished-at="2019-08-03T16:09:33Z" duration-ms="1380">
      <class name="test.FirstTest">
        <test-method is-config="true" signature="setUp()[pri:0, instance:test.FirstTest@2aa5fe93]" started-at="2019-08-03T16:09:07Z" name="setUp" finished-at="2019-08-03T16:09:31Z" duration-ms="24532" status="PASS">
          <reporter-output>
          </reporter-output>
        </test-method> <!-- setUp -->
        <test-method signature="configTest()[pri:0, instance:test.FirstTest@2aa5fe93]" started-at="2019-08-03T16:09:32Z" name="configTest" finished-at="2019-08-03T16:09:33Z" duration-ms="1176" status="PASS">
          <reporter-output>
          </reporter-output>
        </test-method> <!-- configTest -->
        <test-method is-config="true" signature="tearDown()[pri:0, instance:test.FirstTest@2aa5fe93]" started-at="2019-08-03T16:09:33Z" name="tearDown" finished-at="2019-08-03T16:09:33Z" duration-ms="133" status="PASS">
          <reporter-output>
          </reporter-output>
        </test-method> <!-- tearDown -->
      </class> <!-- test.FirstTest -->
    </test> <!-- Default test -->
  </suite> <!-- Default suite -->
</testng-results>
