<?xml version="1.0" encoding="UTF-8"?>
<testng-results ignored="1" total="2" passed="1" failed="0" skipped="0">
  <reporter-output>
  </reporter-output>
  <suite started-at="2019-08-25T17:27:58Z" name="Default suite" finished-at="2019-08-25T17:28:01Z" duration-ms="3684">
    <groups>
    </groups>
    <test started-at="2019-08-25T17:27:58Z" name="Default test" finished-at="2019-08-25T17:28:01Z" duration-ms="3684">
      <class name="test.FirstTest">
        <test-method is-config="true" signature="setUp()[pri:0, instance:test.FirstTest@2aa5fe93]" started-at="2019-08-25T17:27:45Z" name="setUp" finished-at="2019-08-25T17:27:58Z" duration-ms="12760" status="PASS">
          <reporter-output>
          </reporter-output>
        </test-method> <!-- setUp -->
        <test-method signature="firstTest()[pri:0, instance:test.FirstTest@2aa5fe93]" started-at="2019-08-25T17:27:58Z" name="firstTest" finished-at="2019-08-25T17:28:01Z" duration-ms="3647" status="PASS">
          <reporter-output>
          </reporter-output>
        </test-method> <!-- firstTest -->
        <test-method is-config="true" signature="tearDown()[pri:0, instance:test.FirstTest@2aa5fe93]" started-at="2019-08-25T17:28:02Z" name="tearDown" finished-at="2019-08-25T17:28:07Z" duration-ms="4986" status="PASS">
          <reporter-output>
          </reporter-output>
        </test-method> <!-- tearDown -->
      </class> <!-- test.FirstTest -->
    </test> <!-- Default test -->
  </suite> <!-- Default suite -->
</testng-results>
